<?xml version="1.0" encoding="UTF-8"?>
<!-- Generated by org.testng.reporters.JUnitXMLReporter -->
<testsuite ignored="0" hostname="DESKTOP-CTNIRRU" failures="0" tests="6" name="Default test" time="24.577" errors="0" timestamp="2024-05-05T09:51:54 IST">
  <testcase classname="com.OrangeHRMTests.DashBoardQuickLaunch" name="AssignLeave" time="1.295"/>
  <testcase classname="com.OrangeHRMTests.DashBoardQuickLaunch" name="applyLeave" time="2.007"/>
  <testcase classname="com.OrangeHRMTests.DashBoardQuickLaunch" name="leaveList" time="1.816"/>
  <testcase classname="com.OrangeHRMTests.DashBoardQuickLaunch" name="myLeave" time="1.388"/>
  <testcase classname="com.OrangeHRMTests.DashBoardQuickLaunch" name="myTimeSheet" time="1.759"/>
  <testcase classname="com.OrangeHRMTests.DashBoardQuickLaunch" name="timeSheet" time="1.779"/>
</testsuite> <!-- Default test -->
