<?xml version="1.0" encoding="UTF-8"?>
<testng-results ignored="0" total="6" passed="6" failed="0" skipped="0">
  <reporter-output>
  </reporter-output>
  <suite started-at="2024-05-05T09:51:30 IST" name="Default suite" finished-at="2024-05-05T09:51:54 IST" duration-ms="24577">
    <groups>
    </groups>
    <test started-at="2024-05-05T09:51:30 IST" name="Default test" finished-at="2024-05-05T09:51:54 IST" duration-ms="24577">
      <class name="com.OrangeHRMTests.DashBoardQuickLaunch">
        <test-method is-config="true" signature="bClass()[pri:0, instance:com.OrangeHRMTests.DashBoardQuickLaunch@31d0e481]" started-at="2024-05-05T09:51:30 IST" name="bClass" finished-at="2024-05-05T09:51:36 IST" duration-ms="6691" status="PASS">
          <reporter-output>
          </reporter-output>
        </test-method> <!-- bClass -->
        <test-method is-config="true" signature="bMethod()[pri:0, instance:com.OrangeHRMTests.DashBoardQuickLaunch@31d0e481]" started-at="2024-05-05T09:51:36 IST" name="bMethod" finished-at="2024-05-05T09:51:37 IST" duration-ms="933" status="PASS">
          <reporter-output>
          </reporter-output>
        </test-method> <!-- bMethod -->
        <test-method signature="AssignLeave()[pri:0, instance:com.OrangeHRMTests.DashBoardQuickLaunch@31d0e481]" started-at="2024-05-05T09:51:37 IST" name="AssignLeave" finished-at="2024-05-05T09:51:39 IST" duration-ms="1295" status="PASS">
          <reporter-output>
          </reporter-output>
        </test-method> <!-- AssignLeave -->
        <test-method is-config="true" signature="afterMethod()[pri:0, instance:com.OrangeHRMTests.DashBoardQuickLaunch@31d0e481]" started-at="2024-05-05T09:51:39 IST" name="afterMethod" finished-at="2024-05-05T09:51:39 IST" duration-ms="1" status="PASS">
          <reporter-output>
          </reporter-output>
        </test-method> <!-- afterMethod -->
        <test-method is-config="true" signature="bMethod()[pri:0, instance:com.OrangeHRMTests.DashBoardQuickLaunch@31d0e481]" started-at="2024-05-05T09:51:39 IST" name="bMethod" finished-at="2024-05-05T09:51:40 IST" duration-ms="1253" status="PASS">
          <reporter-output>
          </reporter-output>
        </test-method> <!-- bMethod -->
        <test-method signature="applyLeave()[pri:0, instance:com.OrangeHRMTests.DashBoardQuickLaunch@31d0e481]" started-at="2024-05-05T09:51:40 IST" name="applyLeave" finished-at="2024-05-05T09:51:42 IST" duration-ms="2007" status="PASS">
          <reporter-output>
          </reporter-output>
        </test-method> <!-- applyLeave -->
        <test-method is-config="true" signature="afterMethod()[pri:0, instance:com.OrangeHRMTests.DashBoardQuickLaunch@31d0e481]" started-at="2024-05-05T09:51:42 IST" name="afterMethod" finished-at="2024-05-05T09:51:42 IST" duration-ms="0" status="PASS">
          <reporter-output>
          </reporter-output>
        </test-method> <!-- afterMethod -->
        <test-method is-config="true" signature="bMethod()[pri:0, instance:com.OrangeHRMTests.DashBoardQuickLaunch@31d0e481]" started-at="2024-05-05T09:51:42 IST" name="bMethod" finished-at="2024-05-05T09:51:43 IST" duration-ms="967" status="PASS">
          <reporter-output>
          </reporter-output>
        </test-method> <!-- bMethod -->
        <test-method signature="leaveList()[pri:0, instance:com.OrangeHRMTests.DashBoardQuickLaunch@31d0e481]" started-at="2024-05-05T09:51:43 IST" name="leaveList" finished-at="2024-05-05T09:51:45 IST" duration-ms="1816" status="PASS">
          <reporter-output>
          </reporter-output>
        </test-method> <!-- leaveList -->
        <test-method is-config="true" signature="afterMethod()[pri:0, instance:com.OrangeHRMTests.DashBoardQuickLaunch@31d0e481]" started-at="2024-05-05T09:51:45 IST" name="afterMethod" finished-at="2024-05-05T09:51:45 IST" duration-ms="0" status="PASS">
          <reporter-output>
          </reporter-output>
        </test-method> <!-- afterMethod -->
        <test-method is-config="true" signature="bMethod()[pri:0, instance:com.OrangeHRMTests.DashBoardQuickLaunch@31d0e481]" started-at="2024-05-05T09:51:45 IST" name="bMethod" finished-at="2024-05-05T09:51:46 IST" duration-ms="1170" status="PASS">
          <reporter-output>
          </reporter-output>
        </test-method> <!-- bMethod -->
        <test-method signature="myLeave()[pri:0, instance:com.OrangeHRMTests.DashBoardQuickLaunch@31d0e481]" started-at="2024-05-05T09:51:46 IST" name="myLeave" finished-at="2024-05-05T09:51:47 IST" duration-ms="1388" status="PASS">
          <reporter-output>
          </reporter-output>
        </test-method> <!-- myLeave -->
        <test-method is-config="true" signature="afterMethod()[pri:0, instance:com.OrangeHRMTests.DashBoardQuickLaunch@31d0e481]" started-at="2024-05-05T09:51:47 IST" name="afterMethod" finished-at="2024-05-05T09:51:47 IST" duration-ms="1" status="PASS">
          <reporter-output>
          </reporter-output>
        </test-method> <!-- afterMethod -->
        <test-method is-config="true" signature="bMethod()[pri:0, instance:com.OrangeHRMTests.DashBoardQuickLaunch@31d0e481]" started-at="2024-05-05T09:51:47 IST" name="bMethod" finished-at="2024-05-05T09:51:48 IST" duration-ms="1166" status="PASS">
          <reporter-output>
          </reporter-output>
        </test-method> <!-- bMethod -->
        <test-method signature="myTimeSheet()[pri:0, instance:com.OrangeHRMTests.DashBoardQuickLaunch@31d0e481]" started-at="2024-05-05T09:51:48 IST" name="myTimeSheet" finished-at="2024-05-05T09:51:50 IST" duration-ms="1759" status="PASS">
          <reporter-output>
          </reporter-output>
        </test-method> <!-- myTimeSheet -->
        <test-method is-config="true" signature="afterMethod()[pri:0, instance:com.OrangeHRMTests.DashBoardQuickLaunch@31d0e481]" started-at="2024-05-05T09:51:50 IST" name="afterMethod" finished-at="2024-05-05T09:51:50 IST" duration-ms="0" status="PASS">
          <reporter-output>
          </reporter-output>
        </test-method> <!-- afterMethod -->
        <test-method is-config="true" signature="bMethod()[pri:0, instance:com.OrangeHRMTests.DashBoardQuickLaunch@31d0e481]" started-at="2024-05-05T09:51:50 IST" name="bMethod" finished-at="2024-05-05T09:51:51 IST" duration-ms="925" status="PASS">
          <reporter-output>
          </reporter-output>
        </test-method> <!-- bMethod -->
        <test-method signature="timeSheet()[pri:0, instance:com.OrangeHRMTests.DashBoardQuickLaunch@31d0e481]" started-at="2024-05-05T09:51:51 IST" name="timeSheet" finished-at="2024-05-05T09:51:53 IST" duration-ms="1779" status="PASS">
          <reporter-output>
          </reporter-output>
        </test-method> <!-- timeSheet -->
        <test-method is-config="true" signature="afterMethod()[pri:0, instance:com.OrangeHRMTests.DashBoardQuickLaunch@31d0e481]" started-at="2024-05-05T09:51:53 IST" name="afterMethod" finished-at="2024-05-05T09:51:53 IST" duration-ms="0" status="PASS">
          <reporter-output>
          </reporter-output>
        </test-method> <!-- afterMethod -->
        <test-method is-config="true" signature="aTest()[pri:0, instance:com.OrangeHRMTests.DashBoardQuickLaunch@31d0e481]" started-at="2024-05-05T09:51:53 IST" name="aTest" finished-at="2024-05-05T09:51:54 IST" duration-ms="1374" status="PASS">
          <reporter-output>
          </reporter-output>
        </test-method> <!-- aTest -->
      </class> <!-- com.OrangeHRMTests.DashBoardQuickLaunch -->
    </test> <!-- Default test -->
  </suite> <!-- Default suite -->
</testng-results>
